{"message":"\u001b[0mPOST / \u001b[33m404 \u001b[0m4.994 ms - 140\u001b[0m\n","level":"info"}
{"message":"\u001b[0mGET / \u001b[33m404 \u001b[0m5.352 ms - 139\u001b[0m\n","level":"info"}
{"message":"\u001b[0mGET /favicon.ico \u001b[33m404 \u001b[0m1.298 ms - 150\u001b[0m\n","level":"info"}
{"message":"\u001b[0mGET /login \u001b[32m200 \u001b[0m3.473 ms - 5\u001b[0m\n","level":"info"}
{"message":"\u001b[0mGET / \u001b[33m404 \u001b[0m10.432 ms - 139\u001b[0m\n","level":"info"}
{"message":"\u001b[0mGET /favicon.ico \u001b[33m404 \u001b[0m2.798 ms - 150\u001b[0m\n","level":"info"}
{"message":"\u001b[0mGET / \u001b[33m404 \u001b[0m6.374 ms - 139\u001b[0m\n","level":"info"}
{"message":"\u001b[0mGET / \u001b[33m404 \u001b[0m0.681 ms - 139\u001b[0m\n","level":"info"}
{"message":"\u001b[0mGET / \u001b[33m404 \u001b[0m1.500 ms - 139\u001b[0m\n","level":"info"}
{"message":"\u001b[0mGET / \u001b[33m404 \u001b[0m0.626 ms - 139\u001b[0m\n","level":"info"}
{"message":"\u001b[0mGET / \u001b[33m404 \u001b[0m0.707 ms - 139\u001b[0m\n","level":"info"}
{"message":"\u001b[0mGET / \u001b[32m200 \u001b[0m14.110 ms - 578\u001b[0m\n","level":"info"}
{"message":"\u001b[0mGET /runtime.js \u001b[32m200 \u001b[0m44.284 ms - 8004\u001b[0m\n","level":"info"}
{"message":"\u001b[0mGET /polyfills.js \u001b[32m200 \u001b[0m67.471 ms - 226736\u001b[0m\n","level":"info"}
{"message":"\u001b[0mGET /main.js \u001b[32m200 \u001b[0m66.064 ms - 10668\u001b[0m\n","level":"info"}
{"message":"\u001b[0mGET /styles.js \u001b[32m200 \u001b[0m72.801 ms - 223749\u001b[0m\n","level":"info"}
{"message":"\u001b[0mGET /vendor.js \u001b[32m200 \u001b[0m570.727 ms - 3202570\u001b[0m\n","level":"info"}
{"message":"\u001b[0mGET /login-login-module.js \u001b[32m200 \u001b[0m55.642 ms - 265021\u001b[0m\n","level":"info"}
{"message":"\u001b[0mGET /login.jpg \u001b[32m200 \u001b[0m42.015 ms - 285150\u001b[0m\n","level":"info"}
{"message":"\u001b[0mGET /login \u001b[32m200 \u001b[0m7.556 ms - 5\u001b[0m\n","level":"info"}
{"message":"\u001b[0mPOST /adduser \u001b[33m404 \u001b[0m6.319 ms - 147\u001b[0m\n","level":"info"}
{"message":"\u001b[0mPOST /adduser \u001b[33m404 \u001b[0m0.554 ms - 147\u001b[0m\n","level":"info"}
{"message":"\u001b[0mPOST /adduser \u001b[31m500 \u001b[0m74.444 ms - 1990\u001b[0m\n","level":"info"}
{"message":"\u001b[0mPOST /adduser \u001b[32m200 \u001b[0m3.164 ms - -\u001b[0m\n","level":"info"}
{"message":"\u001b[0mPOST /adduser \u001b[32m200 \u001b[0m4.443 ms - 54\u001b[0m\n","level":"info"}
{"message":"\u001b[0mPOST /adduser \u001b[32m200 \u001b[0m4.363 ms - 5\u001b[0m\n","level":"info"}
{"message":"\u001b[0mPOST /adduser \u001b[32m200 \u001b[0m0.602 ms - 5\u001b[0m\n","level":"info"}
{"message":"\u001b[0mPOST /adduser \u001b[32m200 \u001b[0m4.291 ms - 5\u001b[0m\n","level":"info"}
{"message":"\u001b[0mPOST /adduser \u001b[32m200 \u001b[0m0.430 ms - 5\u001b[0m\n","level":"info"}
{"message":"\u001b[0mPOST /adduser \u001b[32m200 \u001b[0m4.612 ms - 5\u001b[0m\n","level":"info"}
{"message":"\u001b[0mPOST /adduser \u001b[32m200 \u001b[0m5.492 ms - 5\u001b[0m\n","level":"info"}
{"message":"\u001b[0mPOST /adduser \u001b[32m200 \u001b[0m0.657 ms - 5\u001b[0m\n","level":"info"}
{"message":"\u001b[0mPOST /adduser \u001b[32m200 \u001b[0m1.326 ms - 5\u001b[0m\n","level":"info"}
{"message":"\u001b[0mPOST /adduser \u001b[32m200 \u001b[0m22.801 ms - 593\u001b[0m\n","level":"info"}
{"message":"\u001b[0mPOST /adduser \u001b[32m200 \u001b[0m20.799 ms - 38\u001b[0m\n","level":"info"}
{"message":"\u001b[0mPOST /adduser \u001b[0m- \u001b[0m- ms - -\u001b[0m\n","level":"info"}
{"message":"\u001b[0mPOST /adduser \u001b[0m- \u001b[0m- ms - -\u001b[0m\n","level":"info"}
{"message":"\u001b[0mPOST /adduser \u001b[32m200 \u001b[0m18.574 ms - -\u001b[0m\n","level":"info"}
{"message":"\u001b[0mPOST /adduser \u001b[32m200 \u001b[0m17.057 ms - 408\u001b[0m\n","level":"info"}
{"message":"\u001b[0mPOST /adduser \u001b[32m200 \u001b[0m3.046 ms - 56\u001b[0m\n","level":"info"}
{"message":"\u001b[0mPOST /adduser?emailId=adminicv@icv.com&password=admin123&userlevel=super \u001b[32m200 \u001b[0m0.556 ms - 56\u001b[0m\n","level":"info"}
{"message":"\u001b[0mPOST /adduser \u001b[32m200 \u001b[0m347.744 ms - 259\u001b[0m\n","level":"info"}
{"message":"\u001b[0mGET /login \u001b[32m200 \u001b[0m5.002 ms - 49\u001b[0m\n","level":"info"}
{"message":"\u001b[0mGET /login?email=abc@gmail.com&password=asd \u001b[32m200 \u001b[0m0.743 ms - 49\u001b[0m\n","level":"info"}
{"message":"\u001b[0mGET /login?email=abc@gmail.com&password=asd \u001b[32m200 \u001b[0m5.953 ms - 49\u001b[0m\n","level":"info"}
{"message":"\u001b[0mGET /login \u001b[32m200 \u001b[0m1.311 ms - 49\u001b[0m\n","level":"info"}
{"message":"\u001b[0mGET /login \u001b[32m200 \u001b[0m6.133 ms - 49\u001b[0m\n","level":"info"}
{"message":"\u001b[0mGET /login \u001b[32m200 \u001b[0m5.328 ms - 49\u001b[0m\n","level":"info"}
{"message":"\u001b[0mGET /login \u001b[32m200 \u001b[0m42.447 ms - 49\u001b[0m\n","level":"info"}
{"message":"\u001b[0mGET /login \u001b[32m200 \u001b[0m21.412 ms - 49\u001b[0m\n","level":"info"}
{"message":"\u001b[0mGET /login \u001b[32m200 \u001b[0m154.542 ms - 49\u001b[0m\n","level":"info"}
{"message":"\u001b[0mGET /login \u001b[32m200 \u001b[0m113.826 ms - 207\u001b[0m\n","level":"info"}
{"message":"\u001b[0mGET /login \u001b[32m200 \u001b[0m97.489 ms - 207\u001b[0m\n","level":"info"}
{"message":"\u001b[0mGET /login \u001b[32m200 \u001b[0m95.860 ms - 207\u001b[0m\n","level":"info"}
{"message":"\u001b[0mGET /login \u001b[32m200 \u001b[0m114.337 ms - 207\u001b[0m\n","level":"info"}
{"message":"\u001b[0mGET /login \u001b[32m200 \u001b[0m93.323 ms - 207\u001b[0m\n","level":"info"}
{"message":"\u001b[0mGET /login \u001b[32m200 \u001b[0m120.484 ms - 207\u001b[0m\n","level":"info"}
{"message":"\u001b[0mGET /login \u001b[32m200 \u001b[0m116.241 ms - 49\u001b[0m\n","level":"info"}
{"message":"\u001b[0mGET /adduser \u001b[33m404 \u001b[0m4.420 ms - 146\u001b[0m\n","level":"info"}
{"message":"\u001b[0mPOST /adduser \u001b[32m200 \u001b[0m1.351 ms - 56\u001b[0m\n","level":"info"}
{"message":"\u001b[0mPOST /adduser?emailId=icvsuper@icv.com&password=&userlevel=superadmin \u001b[32m200 \u001b[0m109.125 ms - 259\u001b[0m\n","level":"info"}
{"message":"\u001b[0mGET /login \u001b[32m200 \u001b[0m109.068 ms - 207\u001b[0m\n","level":"info"}
{"message":"\u001b[0mGET /login \u001b[32m200 \u001b[0m96.431 ms - 49\u001b[0m\n","level":"info"}
{"message":"\u001b[0mGET /login \u001b[32m200 \u001b[0m118.021 ms - 207\u001b[0m\n","level":"info"}
{"message":"\u001b[0mGET /login \u001b[32m200 \u001b[0m28.417 ms - 49\u001b[0m\n","level":"info"}
{"message":"\u001b[0mGET /login \u001b[32m200 \u001b[0m19.302 ms - 49\u001b[0m\n","level":"info"}
{"message":"\u001b[0mGET /login \u001b[32m200 \u001b[0m104.888 ms - 207\u001b[0m\n","level":"info"}
{"message":"\u001b[0mGET /login \u001b[32m200 \u001b[0m122.563 ms - 207\u001b[0m\n","level":"info"}
{"message":"\u001b[0mGET /login \u001b[32m200 \u001b[0m132.854 ms - 171\u001b[0m\n","level":"info"}
{"message":"\u001b[0mGET /login \u001b[32m200 \u001b[0m117.851 ms - 183\u001b[0m\n","level":"info"}
{"message":"\u001b[0mPOST /adduser \u001b[32m200 \u001b[0m135.644 ms - 259\u001b[0m\n","level":"info"}
{"message":"\u001b[0mGET /getuser \u001b[33m401 \u001b[0m0.851 ms - 45\u001b[0m\n","level":"info"}
{"message":"\u001b[0mGET /getuser \u001b[31m500 \u001b[0m1.321 ms - 56\u001b[0m\n","level":"info"}
{"message":"\u001b[0mGET /login \u001b[32m200 \u001b[0m112.545 ms - 183\u001b[0m\n","level":"info"}
{"message":"\u001b[0mGET /getuser \u001b[32m200 \u001b[0m2.576 ms - 67\u001b[0m\n","level":"info"}
{"message":"\u001b[0mGET /getuser \u001b[32m200 \u001b[0m0.503 ms - 67\u001b[0m\n","level":"info"}
{"message":"\u001b[0mGET /getuser \u001b[32m200 \u001b[0m0.332 ms - 67\u001b[0m\n","level":"info"}
{"message":"\u001b[0mGET /getuser \u001b[32m200 \u001b[0m0.410 ms - 67\u001b[0m\n","level":"info"}
{"message":"\u001b[0mGET /getuser \u001b[32m200 \u001b[0m0.804 ms - 67\u001b[0m\n","level":"info"}
{"message":"\u001b[0mGET /getuser \u001b[32m200 \u001b[0m0.271 ms - 67\u001b[0m\n","level":"info"}
{"message":"\u001b[0mGET /getuser \u001b[32m200 \u001b[0m0.364 ms - 67\u001b[0m\n","level":"info"}
{"message":"\u001b[0mGET /getuser \u001b[32m200 \u001b[0m6.853 ms - 67\u001b[0m\n","level":"info"}
{"message":"\u001b[0mGET /getuser \u001b[32m200 \u001b[0m0.751 ms - 67\u001b[0m\n","level":"info"}
{"message":"\u001b[0mPOST /adduser \u001b[32m200 \u001b[0m109.551 ms - 259\u001b[0m\n","level":"info"}
{"message":"\u001b[0mGET /login \u001b[32m200 \u001b[0m117.227 ms - 183\u001b[0m\n","level":"info"}
{"message":"\u001b[0mGET /getuser \u001b[32m200 \u001b[0m0.350 ms - 67\u001b[0m\n","level":"info"}
{"message":"\u001b[0mPOST /adduser \u001b[32m200 \u001b[0m92.640 ms - 259\u001b[0m\n","level":"info"}
{"message":"\u001b[0mGET /login \u001b[32m200 \u001b[0m97.649 ms - 183\u001b[0m\n","level":"info"}
{"message":"\u001b[0mGET /getuser \u001b[32m200 \u001b[0m0.397 ms - 67\u001b[0m\n","level":"info"}
{"message":"\u001b[0mPOST /adduser \u001b[32m200 \u001b[0m97.280 ms - 259\u001b[0m\n","level":"info"}
{"message":"\u001b[0mGET /login \u001b[32m200 \u001b[0m97.067 ms - 183\u001b[0m\n","level":"info"}
{"message":"\u001b[0mGET /getuser \u001b[31m500 \u001b[0m9.612 ms - 2035\u001b[0m\n","level":"info"}
{"message":"\u001b[0mGET /getuser \u001b[31m500 \u001b[0m8.637 ms - 2035\u001b[0m\n","level":"info"}
{"message":"\u001b[0mGET /getuser \u001b[0m- \u001b[0m- ms - -\u001b[0m\n","level":"info"}
{"message":"\u001b[0mGET /getuser \u001b[32m200 \u001b[0m32.384 ms - 1258\u001b[0m\n","level":"info"}
{"message":"\u001b[0mGET /login \u001b[32m200 \u001b[0m273.494 ms - 49\u001b[0m\n","level":"info"}
{"message":"\u001b[0mGET /login \u001b[32m200 \u001b[0m1.882 ms - 49\u001b[0m\n","level":"info"}
{"message":"\u001b[0mGET /login \u001b[33m400 \u001b[0m21.606 ms - 49\u001b[0m\n","level":"info"}
{"message":"\u001b[0mGET /login \u001b[33m400 \u001b[0m3.735 ms - 49\u001b[0m\n","level":"info"}
{"message":"\u001b[0mGET /login \u001b[33m400 \u001b[0m20.022 ms - 49\u001b[0m\n","level":"info"}
{"message":"\u001b[0mGET /login \u001b[32m200 \u001b[0m22.610 ms - 49\u001b[0m\n","level":"info"}
{"message":"\u001b[0mGET /login \u001b[32m200 \u001b[0m3.505 ms - 49\u001b[0m\n","level":"info"}
{"message":"\u001b[0mGET /login \u001b[32m200 \u001b[0m3.080 ms - 49\u001b[0m\n","level":"info"}
{"message":"\u001b[0mGET /login \u001b[32m200 \u001b[0m164.168 ms - 183\u001b[0m\n","level":"info"}
{"message":"\u001b[0mGET /login \u001b[32m200 \u001b[0m2.249 ms - 49\u001b[0m\n","level":"info"}
{"message":"\u001b[0mGET /login \u001b[32m200 \u001b[0m2.558 ms - 49\u001b[0m\n","level":"info"}
{"message":"\u001b[0mGET /login \u001b[32m200 \u001b[0m1.981 ms - 49\u001b[0m\n","level":"info"}
{"message":"\u001b[0mGET /login \u001b[32m200 \u001b[0m2.251 ms - 49\u001b[0m\n","level":"info"}
{"message":"\u001b[0mGET /login \u001b[32m200 \u001b[0m2.846 ms - 49\u001b[0m\n","level":"info"}
{"message":"\u001b[0mGET /login \u001b[32m200 \u001b[0m1.793 ms - 49\u001b[0m\n","level":"info"}
{"message":"\u001b[0mGET /login \u001b[32m200 \u001b[0m4.626 ms - 49\u001b[0m\n","level":"info"}
{"message":"\u001b[0mGET /login \u001b[36m304 \u001b[0m20.121 ms - -\u001b[0m\n","level":"info"}
{"message":"\u001b[0mGET /login?email=icvadmin@icv.com&password=qwerty \u001b[32m200 \u001b[0m104.288 ms - 49\u001b[0m\n","level":"info"}
{"message":"\u001b[0mOPTIONS /login \u001b[32m200 \u001b[0m4.257 ms - 4\u001b[0m\n","level":"info"}
{"message":"\u001b[0mPOST /login \u001b[32m200 \u001b[0m147.558 ms - 183\u001b[0m\n","level":"info"}
{"message":"\u001b[0mPOST /login \u001b[32m200 \u001b[0m92.092 ms - 183\u001b[0m\n","level":"info"}
{"message":"\u001b[0mOPTIONS /login \u001b[32m200 \u001b[0m0.621 ms - 4\u001b[0m\n","level":"info"}
{"message":"\u001b[0mPOST /login \u001b[32m200 \u001b[0m91.123 ms - 183\u001b[0m\n","level":"info"}
{"message":"\u001b[0mOPTIONS /login \u001b[32m200 \u001b[0m3.273 ms - 4\u001b[0m\n","level":"info"}
{"message":"\u001b[0mOPTIONS /login \u001b[32m200 \u001b[0m0.470 ms - 4\u001b[0m\n","level":"info"}
{"message":"\u001b[0mOPTIONS /login \u001b[32m200 \u001b[0m0.231 ms - 4\u001b[0m\n","level":"info"}
{"message":"\u001b[0mGET /login \u001b[33m404 \u001b[0m14.827 ms - 144\u001b[0m\n","level":"info"}
{"message":"\u001b[0mGET /login \u001b[33m404 \u001b[0m0.818 ms - 144\u001b[0m\n","level":"info"}
{"message":"\u001b[0mPOST /login \u001b[32m200 \u001b[0m460.001 ms - 183\u001b[0m\n","level":"info"}
{"message":"\u001b[0mOPTIONS /login \u001b[32m200 \u001b[0m1.275 ms - 4\u001b[0m\n","level":"info"}
{"message":"\u001b[0mOPTIONS /login \u001b[32m200 \u001b[0m0.282 ms - 4\u001b[0m\n","level":"info"}
{"message":"\u001b[0mOPTIONS /login \u001b[32m200 \u001b[0m0.279 ms - 4\u001b[0m\n","level":"info"}
{"message":"\u001b[0mOPTIONS /login \u001b[32m200 \u001b[0m0.215 ms - 4\u001b[0m\n","level":"info"}
{"message":"\u001b[0mOPTIONS /login \u001b[32m200 \u001b[0m0.270 ms - 4\u001b[0m\n","level":"info"}
{"message":"\u001b[0mOPTIONS /login \u001b[32m200 \u001b[0m0.178 ms - 4\u001b[0m\n","level":"info"}
{"message":"\u001b[0mOPTIONS /login \u001b[32m200 \u001b[0m0.260 ms - 4\u001b[0m\n","level":"info"}
{"message":"\u001b[0mOPTIONS /login \u001b[32m200 \u001b[0m0.289 ms - 4\u001b[0m\n","level":"info"}
{"message":"\u001b[0mOPTIONS /login \u001b[32m200 \u001b[0m0.186 ms - 4\u001b[0m\n","level":"info"}
{"message":"\u001b[0mPOST /login \u001b[32m200 \u001b[0m119.784 ms - 183\u001b[0m\n","level":"info"}
{"message":"\u001b[0mOPTIONS /login \u001b[32m200 \u001b[0m0.349 ms - 4\u001b[0m\n","level":"info"}
{"message":"\u001b[0mPOST /login \u001b[32m200 \u001b[0m95.649 ms - 183\u001b[0m\n","level":"info"}
{"message":"\u001b[0mOPTIONS /login \u001b[32m200 \u001b[0m0.271 ms - 4\u001b[0m\n","level":"info"}
{"message":"\u001b[0mPOST /login \u001b[32m200 \u001b[0m99.672 ms - 183\u001b[0m\n","level":"info"}
{"message":"\u001b[0mOPTIONS /login \u001b[32m200 \u001b[0m0.296 ms - 4\u001b[0m\n","level":"info"}
{"message":"\u001b[0mPOST /login \u001b[32m200 \u001b[0m98.361 ms - 183\u001b[0m\n","level":"info"}
{"message":"\u001b[0mOPTIONS /login \u001b[32m200 \u001b[0m0.314 ms - 4\u001b[0m\n","level":"info"}
{"message":"\u001b[0mPOST /login \u001b[32m200 \u001b[0m99.877 ms - 183\u001b[0m\n","level":"info"}
{"message":"\u001b[0mOPTIONS /login \u001b[32m200 \u001b[0m3.296 ms - 4\u001b[0m\n","level":"info"}
{"message":"\u001b[0mPOST /login \u001b[32m200 \u001b[0m119.359 ms - 222\u001b[0m\n","level":"info"}
{"message":"\u001b[0mOPTIONS /login \u001b[32m200 \u001b[0m0.379 ms - 4\u001b[0m\n","level":"info"}
{"message":"\u001b[0mPOST /login \u001b[32m200 \u001b[0m152.740 ms - 222\u001b[0m\n","level":"info"}
{"message":"\u001b[0mOPTIONS /login \u001b[32m200 \u001b[0m0.271 ms - 4\u001b[0m\n","level":"info"}
{"message":"\u001b[0mPOST /login \u001b[32m200 \u001b[0m101.908 ms - 222\u001b[0m\n","level":"info"}
{"message":"\u001b[0mOPTIONS /login \u001b[32m200 \u001b[0m2.284 ms - 4\u001b[0m\n","level":"info"}
{"message":"\u001b[0mPOST /login \u001b[32m200 \u001b[0m313.864 ms - 222\u001b[0m\n","level":"info"}
{"message":"\u001b[0mOPTIONS /login \u001b[32m200 \u001b[0m1.653 ms - 4\u001b[0m\n","level":"info"}
{"message":"\u001b[0mPOST /login \u001b[32m200 \u001b[0m335.544 ms - 222\u001b[0m\n","level":"info"}
{"message":"\u001b[0mOPTIONS /login \u001b[32m200 \u001b[0m0.330 ms - 4\u001b[0m\n","level":"info"}
{"message":"\u001b[0mPOST /login \u001b[32m200 \u001b[0m160.314 ms - 222\u001b[0m\n","level":"info"}
{"message":"\u001b[0mOPTIONS /login \u001b[32m200 \u001b[0m2.017 ms - 4\u001b[0m\n","level":"info"}
{"message":"\u001b[0mPOST /login \u001b[32m200 \u001b[0m806.058 ms - 222\u001b[0m\n","level":"info"}
{"message":"\u001b[0mOPTIONS /login \u001b[32m200 \u001b[0m0.259 ms - 4\u001b[0m\n","level":"info"}
{"message":"\u001b[0mPOST /login \u001b[32m200 \u001b[0m108.389 ms - 222\u001b[0m\n","level":"info"}
{"message":"\u001b[0mOPTIONS /login \u001b[32m200 \u001b[0m3.148 ms - 4\u001b[0m\n","level":"info"}
{"message":"\u001b[0mPOST /login \u001b[32m200 \u001b[0m111.945 ms - 222\u001b[0m\n","level":"info"}
{"message":"\u001b[0mPOST /login \u001b[32m200 \u001b[0m338.998 ms - 49\u001b[0m\n","level":"info"}
{"message":"\u001b[0mPOST /login \u001b[32m200 \u001b[0m27.903 ms - 49\u001b[0m\n","level":"info"}
{"message":"\u001b[0mPOST /login \u001b[32m200 \u001b[0m6.473 ms - 49\u001b[0m\n","level":"info"}
{"message":"\u001b[0mPOST /login \u001b[32m200 \u001b[0m4.282 ms - 49\u001b[0m\n","level":"info"}
